2025-07-14T13:10:51.567+05:30  INFO 12280 --- [backend] [main] com.varun.portfolio.BackendApplication   : Starting BackendApplication using Java 17.0.14 with PID 12280 (C:\Users\jinja\OneDrive\Desktop\Portfolio\Varun_Portfolio\backend\target\classes started by jinja in C:\Users\jinja\OneDrive\Desktop\Portfolio\Varun_Portfolio\backend)
2025-07-14T13:10:51.573+05:30 DEBUG 12280 --- [backend] [main] com.varun.portfolio.BackendApplication   : Running with Spring Boot v3.5.3, Spring v6.2.8
2025-07-14T13:10:51.575+05:30  INFO 12280 --- [backend] [main] com.varun.portfolio.BackendApplication   : No active profile set, falling back to 1 default profile: "default"
2025-07-14T13:10:52.895+05:30  INFO 12280 --- [backend] [main] .s.d.r.c.RepositoryConfigurationDelegate : Bootstrapping Spring Data JPA repositories in DEFAULT mode.
2025-07-14T13:10:53.002+05:30  INFO 12280 --- [backend] [main] .s.d.r.c.RepositoryConfigurationDelegate : Finished Spring Data repository scanning in 85 ms. Found 1 JPA repository interface.
2025-07-14T13:10:54.034+05:30  INFO 12280 --- [backend] [main] o.s.b.w.embedded.tomcat.TomcatWebServer  : Tomcat initialized with port 8080 (http)
2025-07-14T13:10:54.059+05:30  INFO 12280 --- [backend] [main] o.apache.catalina.core.StandardService   : Starting service [Tomcat]
2025-07-14T13:10:54.060+05:30  INFO 12280 --- [backend] [main] o.apache.catalina.core.StandardEngine    : Starting Servlet engine: [Apache Tomcat/10.1.42]
2025-07-14T13:10:54.173+05:30  INFO 12280 --- [backend] [main] o.a.c.c.C.[Tomcat].[localhost].[/]       : Initializing Spring embedded WebApplicationContext
2025-07-14T13:10:54.174+05:30  INFO 12280 --- [backend] [main] w.s.c.ServletWebServerApplicationContext : Root WebApplicationContext: initialization completed in 2502 ms
2025-07-14T13:10:54.451+05:30  INFO 12280 --- [backend] [main] o.hibernate.jpa.internal.util.LogHelper  : HHH000204: Processing PersistenceUnitInfo [name: default]
2025-07-14T13:10:54.646+05:30  INFO 12280 --- [backend] [main] org.hibernate.Version                    : HHH000412: Hibernate ORM core version 6.6.18.Final
2025-07-14T13:10:54.738+05:30  INFO 12280 --- [backend] [main] o.h.c.internal.RegionFactoryInitiator    : HHH000026: Second-level cache disabled
2025-07-14T13:10:55.327+05:30  INFO 12280 --- [backend] [main] o.s.o.j.p.SpringPersistenceUnitInfo      : No LoadTimeWeaver setup: ignoring JPA class transformer
2025-07-14T13:10:55.402+05:30  INFO 12280 --- [backend] [main] com.zaxxer.hikari.HikariDataSource       : HikariPool-1 - Starting...
2025-07-14T13:10:56.110+05:30  INFO 12280 --- [backend] [main] com.zaxxer.hikari.pool.HikariPool        : HikariPool-1 - Added connection com.mysql.cj.jdbc.ConnectionImpl@55071497
2025-07-14T13:10:56.113+05:30  INFO 12280 --- [backend] [main] com.zaxxer.hikari.HikariDataSource       : HikariPool-1 - Start completed.
2025-07-14T13:10:56.292+05:30  INFO 12280 --- [backend] [main] org.hibernate.orm.connections.pooling    : HHH10001005: Database info:
	Database JDBC URL [Connecting through datasource 'HikariDataSource (HikariPool-1)']
	Database driver: undefined/unknown
	Database version: 8.0.39
	Autocommit mode: undefined/unknown
	Isolation level: undefined/unknown
	Minimum pool size: undefined/unknown
	Maximum pool size: undefined/unknown
2025-07-14T13:10:58.010+05:30  INFO 12280 --- [backend] [main] o.h.e.t.j.p.i.JtaPlatformInitiator       : HHH000489: No JTA platform available (set 'hibernate.transaction.jta.platform' to enable JTA platform integration)
2025-07-14T13:10:58.105+05:30  INFO 12280 --- [backend] [main] j.LocalContainerEntityManagerFactoryBean : Initialized JPA EntityManagerFactory for persistence unit 'default'
2025-07-14T13:10:58.518+05:30  WARN 12280 --- [backend] [main] JpaBaseConfiguration$JpaWebConfiguration : spring.jpa.open-in-view is enabled by default. Therefore, database queries may be performed during view rendering. Explicitly configure spring.jpa.open-in-view to disable this warning
2025-07-14T13:10:59.121+05:30  INFO 12280 --- [backend] [main] o.s.b.w.embedded.tomcat.TomcatWebServer  : Tomcat started on port 8080 (http) with context path '/'
2025-07-14T13:10:59.137+05:30  INFO 12280 --- [backend] [main] com.varun.portfolio.BackendApplication   : Started BackendApplication in 8.478 seconds (process running for 9.12)
2025-07-14T13:11:09.360+05:30  INFO 12280 --- [backend] [http-nio-8080-exec-2] o.a.c.c.C.[Tomcat].[localhost].[/]       : Initializing Spring DispatcherServlet 'dispatcherServlet'
2025-07-14T13:11:09.360+05:30  INFO 12280 --- [backend] [http-nio-8080-exec-2] o.s.web.servlet.DispatcherServlet        : Initializing Servlet 'dispatcherServlet'
2025-07-14T13:11:09.366+05:30  INFO 12280 --- [backend] [http-nio-8080-exec-2] o.s.web.servlet.DispatcherServlet        : Completed initialization in 3 ms
2025-07-14T13:11:09.792+05:30  INFO 12280 --- [backend] [http-nio-8080-exec-2] c.v.p.controller.ContactController       : Received contact form submission: ContactMessage(id=null, name=Test User, email=test@example.com, message=This is a test message., subject=Test Subject, createdAt=null)
2025-07-14T13:11:10.035+05:30 DEBUG 12280 --- [backend] [http-nio-8080-exec-2] c.v.p.controller.ContactController       : Contact message saved to database: 4
2025-07-14T13:11:24.392+05:30  INFO 12280 --- [backend] [http-nio-8080-exec-2] c.v.p.controller.ContactController       : Email sent successfully to varunjinjala@gmail.com
2025-07-14T13:20:04.335+05:30  INFO 8836 --- [backend] [main] com.varun.portfolio.BackendApplication   : Starting BackendApplication using Java 17.0.14 with PID 8836 (C:\Users\jinja\OneDrive\Desktop\Portfolio\Varun_Portfolio\backend\target\classes started by jinja in C:\Users\jinja\OneDrive\Desktop\Portfolio\Varun_Portfolio\backend)
2025-07-14T13:20:04.340+05:30 DEBUG 8836 --- [backend] [main] com.varun.portfolio.BackendApplication   : Running with Spring Boot v3.5.3, Spring v6.2.8
2025-07-14T13:20:04.342+05:30  INFO 8836 --- [backend] [main] com.varun.portfolio.BackendApplication   : No active profile set, falling back to 1 default profile: "default"
2025-07-14T13:20:05.480+05:30  INFO 8836 --- [backend] [main] .s.d.r.c.RepositoryConfigurationDelegate : Bootstrapping Spring Data JPA repositories in DEFAULT mode.
2025-07-14T13:20:05.571+05:30  INFO 8836 --- [backend] [main] .s.d.r.c.RepositoryConfigurationDelegate : Finished Spring Data repository scanning in 74 ms. Found 1 JPA repository interface.
2025-07-14T13:20:06.474+05:30  INFO 8836 --- [backend] [main] o.s.b.w.embedded.tomcat.TomcatWebServer  : Tomcat initialized with port 8080 (http)
2025-07-14T13:20:06.497+05:30  INFO 8836 --- [backend] [main] o.apache.catalina.core.StandardService   : Starting service [Tomcat]
2025-07-14T13:20:06.498+05:30  INFO 8836 --- [backend] [main] o.apache.catalina.core.StandardEngine    : Starting Servlet engine: [Apache Tomcat/10.1.42]
2025-07-14T13:20:06.601+05:30  INFO 8836 --- [backend] [main] o.a.c.c.C.[Tomcat].[localhost].[/]       : Initializing Spring embedded WebApplicationContext
2025-07-14T13:20:06.602+05:30  INFO 8836 --- [backend] [main] w.s.c.ServletWebServerApplicationContext : Root WebApplicationContext: initialization completed in 2174 ms
2025-07-14T13:20:06.867+05:30  INFO 8836 --- [backend] [main] o.hibernate.jpa.internal.util.LogHelper  : HHH000204: Processing PersistenceUnitInfo [name: default]
2025-07-14T13:20:06.988+05:30  INFO 8836 --- [backend] [main] org.hibernate.Version                    : HHH000412: Hibernate ORM core version 6.6.18.Final
2025-07-14T13:20:07.050+05:30  INFO 8836 --- [backend] [main] o.h.c.internal.RegionFactoryInitiator    : HHH000026: Second-level cache disabled
2025-07-14T13:20:07.548+05:30  INFO 8836 --- [backend] [main] o.s.o.j.p.SpringPersistenceUnitInfo      : No LoadTimeWeaver setup: ignoring JPA class transformer
2025-07-14T13:20:07.612+05:30  INFO 8836 --- [backend] [main] com.zaxxer.hikari.HikariDataSource       : HikariPool-1 - Starting...
2025-07-14T13:20:08.228+05:30  INFO 8836 --- [backend] [main] com.zaxxer.hikari.pool.HikariPool        : HikariPool-1 - Added connection com.mysql.cj.jdbc.ConnectionImpl@ba562e0
2025-07-14T13:20:08.232+05:30  INFO 8836 --- [backend] [main] com.zaxxer.hikari.HikariDataSource       : HikariPool-1 - Start completed.
2025-07-14T13:20:08.409+05:30  INFO 8836 --- [backend] [main] org.hibernate.orm.connections.pooling    : HHH10001005: Database info:
	Database JDBC URL [Connecting through datasource 'HikariDataSource (HikariPool-1)']
	Database driver: undefined/unknown
	Database version: 8.0.39
	Autocommit mode: undefined/unknown
	Isolation level: undefined/unknown
	Minimum pool size: undefined/unknown
	Maximum pool size: undefined/unknown
2025-07-14T13:20:09.936+05:30  INFO 8836 --- [backend] [main] o.h.e.t.j.p.i.JtaPlatformInitiator       : HHH000489: No JTA platform available (set 'hibernate.transaction.jta.platform' to enable JTA platform integration)
2025-07-14T13:20:10.025+05:30  INFO 8836 --- [backend] [main] j.LocalContainerEntityManagerFactoryBean : Initialized JPA EntityManagerFactory for persistence unit 'default'
2025-07-14T13:20:10.349+05:30  WARN 8836 --- [backend] [main] JpaBaseConfiguration$JpaWebConfiguration : spring.jpa.open-in-view is enabled by default. Therefore, database queries may be performed during view rendering. Explicitly configure spring.jpa.open-in-view to disable this warning
2025-07-14T13:20:10.863+05:30  INFO 8836 --- [backend] [main] o.s.b.w.embedded.tomcat.TomcatWebServer  : Tomcat started on port 8080 (http) with context path '/'
2025-07-14T13:20:10.875+05:30  INFO 8836 --- [backend] [main] com.varun.portfolio.BackendApplication   : Started BackendApplication in 7.374 seconds (process running for 7.941)
2025-07-14T13:20:50.153+05:30  INFO 8836 --- [backend] [http-nio-8080-exec-1] o.a.c.c.C.[Tomcat].[localhost].[/]       : Initializing Spring DispatcherServlet 'dispatcherServlet'
2025-07-14T13:20:50.156+05:30  INFO 8836 --- [backend] [http-nio-8080-exec-1] o.s.web.servlet.DispatcherServlet        : Initializing Servlet 'dispatcherServlet'
2025-07-14T13:20:50.162+05:30  INFO 8836 --- [backend] [http-nio-8080-exec-1] o.s.web.servlet.DispatcherServlet        : Completed initialization in 5 ms
2025-07-14T13:20:50.841+05:30  INFO 8836 --- [backend] [http-nio-8080-exec-2] c.v.p.controller.ContactController       : Received contact form submission: ContactMessage(id=null, name=Mohit, email=mohitp1218@gmail.com, message=Test Message From Mohit, subject=Testing, createdAt=null)
2025-07-14T13:20:51.100+05:30 DEBUG 8836 --- [backend] [http-nio-8080-exec-2] c.v.p.controller.ContactController       : Contact message saved to database: 5
2025-07-14T13:21:05.344+05:30  INFO 8836 --- [backend] [http-nio-8080-exec-2] c.v.p.controller.ContactController       : Email sent successfully to varunjinjala@gmail.com
2025-07-14T13:27:12.455+05:30  INFO 14260 --- [backend] [main] com.varun.portfolio.BackendApplication   : Starting BackendApplication using Java 17.0.14 with PID 14260 (C:\Users\jinja\OneDrive\Desktop\Portfolio\Varun_Portfolio\backend\target\classes started by jinja in C:\Users\jinja\OneDrive\Desktop\Portfolio\Varun_Portfolio\backend)
2025-07-14T13:27:12.460+05:30 DEBUG 14260 --- [backend] [main] com.varun.portfolio.BackendApplication   : Running with Spring Boot v3.5.3, Spring v6.2.8
2025-07-14T13:27:12.463+05:30  INFO 14260 --- [backend] [main] com.varun.portfolio.BackendApplication   : No active profile set, falling back to 1 default profile: "default"
2025-07-14T13:27:13.853+05:30  INFO 14260 --- [backend] [main] .s.d.r.c.RepositoryConfigurationDelegate : Bootstrapping Spring Data JPA repositories in DEFAULT mode.
2025-07-14T13:27:13.947+05:30  INFO 14260 --- [backend] [main] .s.d.r.c.RepositoryConfigurationDelegate : Finished Spring Data repository scanning in 73 ms. Found 1 JPA repository interface.
2025-07-14T13:27:14.789+05:30  INFO 14260 --- [backend] [main] o.s.b.w.embedded.tomcat.TomcatWebServer  : Tomcat initialized with port 8080 (http)
2025-07-14T13:27:14.815+05:30  INFO 14260 --- [backend] [main] o.apache.catalina.core.StandardService   : Starting service [Tomcat]
2025-07-14T13:27:14.817+05:30  INFO 14260 --- [backend] [main] o.apache.catalina.core.StandardEngine    : Starting Servlet engine: [Apache Tomcat/10.1.42]
2025-07-14T13:27:14.912+05:30  INFO 14260 --- [backend] [main] o.a.c.c.C.[Tomcat].[localhost].[/]       : Initializing Spring embedded WebApplicationContext
2025-07-14T13:27:14.913+05:30  INFO 14260 --- [backend] [main] w.s.c.ServletWebServerApplicationContext : Root WebApplicationContext: initialization completed in 2337 ms
2025-07-14T13:27:15.166+05:30  INFO 14260 --- [backend] [main] o.hibernate.jpa.internal.util.LogHelper  : HHH000204: Processing PersistenceUnitInfo [name: default]
2025-07-14T13:27:15.246+05:30  INFO 14260 --- [backend] [main] org.hibernate.Version                    : HHH000412: Hibernate ORM core version 6.6.18.Final
2025-07-14T13:27:15.306+05:30  INFO 14260 --- [backend] [main] o.h.c.internal.RegionFactoryInitiator    : HHH000026: Second-level cache disabled
2025-07-14T13:27:15.753+05:30  INFO 14260 --- [backend] [main] o.s.o.j.p.SpringPersistenceUnitInfo      : No LoadTimeWeaver setup: ignoring JPA class transformer
2025-07-14T13:27:15.818+05:30  INFO 14260 --- [backend] [main] com.zaxxer.hikari.HikariDataSource       : HikariPool-1 - Starting...
2025-07-14T13:27:16.288+05:30  INFO 14260 --- [backend] [main] com.zaxxer.hikari.pool.HikariPool        : HikariPool-1 - Added connection com.mysql.cj.jdbc.ConnectionImpl@6233c6c2
2025-07-14T13:27:16.292+05:30  INFO 14260 --- [backend] [main] com.zaxxer.hikari.HikariDataSource       : HikariPool-1 - Start completed.
2025-07-14T13:27:16.447+05:30  INFO 14260 --- [backend] [main] org.hibernate.orm.connections.pooling    : HHH10001005: Database info:
	Database JDBC URL [Connecting through datasource 'HikariDataSource (HikariPool-1)']
	Database driver: undefined/unknown
	Database version: 8.0.39
	Autocommit mode: undefined/unknown
	Isolation level: undefined/unknown
	Minimum pool size: undefined/unknown
	Maximum pool size: undefined/unknown
2025-07-14T13:27:17.813+05:30  INFO 14260 --- [backend] [main] o.h.e.t.j.p.i.JtaPlatformInitiator       : HHH000489: No JTA platform available (set 'hibernate.transaction.jta.platform' to enable JTA platform integration)
2025-07-14T13:27:17.896+05:30  INFO 14260 --- [backend] [main] j.LocalContainerEntityManagerFactoryBean : Initialized JPA EntityManagerFactory for persistence unit 'default'
2025-07-14T13:27:18.230+05:30  WARN 14260 --- [backend] [main] JpaBaseConfiguration$JpaWebConfiguration : spring.jpa.open-in-view is enabled by default. Therefore, database queries may be performed during view rendering. Explicitly configure spring.jpa.open-in-view to disable this warning
2025-07-14T13:27:18.742+05:30  INFO 14260 --- [backend] [main] o.s.b.w.embedded.tomcat.TomcatWebServer  : Tomcat started on port 8080 (http) with context path '/'
2025-07-14T13:27:18.755+05:30  INFO 14260 --- [backend] [main] com.varun.portfolio.BackendApplication   : Started BackendApplication in 7.178 seconds (process running for 8.046)
2025-07-14T13:28:47.223+05:30  INFO 14260 --- [backend] [http-nio-8080-exec-1] o.a.c.c.C.[Tomcat].[localhost].[/]       : Initializing Spring DispatcherServlet 'dispatcherServlet'
2025-07-14T13:28:47.225+05:30  INFO 14260 --- [backend] [http-nio-8080-exec-1] o.s.web.servlet.DispatcherServlet        : Initializing Servlet 'dispatcherServlet'
2025-07-14T13:28:47.230+05:30  INFO 14260 --- [backend] [http-nio-8080-exec-1] o.s.web.servlet.DispatcherServlet        : Completed initialization in 4 ms
2025-07-14T13:28:47.865+05:30  INFO 14260 --- [backend] [http-nio-8080-exec-1] c.v.p.controller.ContactController       : Received contact form submission: ContactMessage(id=null, name=Mohit, email=mohitp1218@gmail.com, message=Test Message, subject=Testing, createdAt=null)
2025-07-14T13:28:48.125+05:30 DEBUG 14260 --- [backend] [http-nio-8080-exec-1] c.v.p.controller.ContactController       : Contact message saved to database: 6
2025-07-14T13:29:02.122+05:30  INFO 14260 --- [backend] [http-nio-8080-exec-1] c.v.p.controller.ContactController       : Email sent successfully to varunjinjala@gmail.com
2025-07-14T13:33:31.785+05:30  INFO 14636 --- [backend] [main] com.varun.portfolio.BackendApplication   : Starting BackendApplication using Java 17.0.14 with PID 14636 (C:\Users\jinja\OneDrive\Desktop\Portfolio\Varun_Portfolio\backend\target\classes started by jinja in C:\Users\jinja\OneDrive\Desktop\Portfolio\Varun_Portfolio\backend)
2025-07-14T13:33:31.791+05:30 DEBUG 14636 --- [backend] [main] com.varun.portfolio.BackendApplication   : Running with Spring Boot v3.5.3, Spring v6.2.8
2025-07-14T13:33:31.794+05:30  INFO 14636 --- [backend] [main] com.varun.portfolio.BackendApplication   : No active profile set, falling back to 1 default profile: "default"
2025-07-14T13:33:33.363+05:30  INFO 14636 --- [backend] [main] .s.d.r.c.RepositoryConfigurationDelegate : Bootstrapping Spring Data JPA repositories in DEFAULT mode.
2025-07-14T13:33:33.488+05:30  INFO 14636 --- [backend] [main] .s.d.r.c.RepositoryConfigurationDelegate : Finished Spring Data repository scanning in 103 ms. Found 1 JPA repository interface.
2025-07-14T13:33:34.940+05:30  INFO 14636 --- [backend] [main] o.s.b.w.embedded.tomcat.TomcatWebServer  : Tomcat initialized with port 8080 (http)
2025-07-14T13:33:34.975+05:30  INFO 14636 --- [backend] [main] o.apache.catalina.core.StandardService   : Starting service [Tomcat]
2025-07-14T13:33:34.976+05:30  INFO 14636 --- [backend] [main] o.apache.catalina.core.StandardEngine    : Starting Servlet engine: [Apache Tomcat/10.1.42]
2025-07-14T13:33:35.094+05:30  INFO 14636 --- [backend] [main] o.a.c.c.C.[Tomcat].[localhost].[/]       : Initializing Spring embedded WebApplicationContext
2025-07-14T13:33:35.095+05:30  INFO 14636 --- [backend] [main] w.s.c.ServletWebServerApplicationContext : Root WebApplicationContext: initialization completed in 3111 ms
2025-07-14T13:33:35.471+05:30  INFO 14636 --- [backend] [main] o.hibernate.jpa.internal.util.LogHelper  : HHH000204: Processing PersistenceUnitInfo [name: default]
2025-07-14T13:33:35.591+05:30  INFO 14636 --- [backend] [main] org.hibernate.Version                    : HHH000412: Hibernate ORM core version 6.6.18.Final
2025-07-14T13:33:35.653+05:30  INFO 14636 --- [backend] [main] o.h.c.internal.RegionFactoryInitiator    : HHH000026: Second-level cache disabled
2025-07-14T13:33:36.237+05:30  INFO 14636 --- [backend] [main] o.s.o.j.p.SpringPersistenceUnitInfo      : No LoadTimeWeaver setup: ignoring JPA class transformer
2025-07-14T13:33:36.305+05:30  INFO 14636 --- [backend] [main] com.zaxxer.hikari.HikariDataSource       : HikariPool-1 - Starting...
2025-07-14T13:33:36.802+05:30  INFO 14636 --- [backend] [main] com.zaxxer.hikari.pool.HikariPool        : HikariPool-1 - Added connection com.mysql.cj.jdbc.ConnectionImpl@6c421123
2025-07-14T13:33:36.806+05:30  INFO 14636 --- [backend] [main] com.zaxxer.hikari.HikariDataSource       : HikariPool-1 - Start completed.
2025-07-14T13:33:36.956+05:30  INFO 14636 --- [backend] [main] org.hibernate.orm.connections.pooling    : HHH10001005: Database info:
	Database JDBC URL [Connecting through datasource 'HikariDataSource (HikariPool-1)']
	Database driver: undefined/unknown
	Database version: 8.0.39
	Autocommit mode: undefined/unknown
	Isolation level: undefined/unknown
	Minimum pool size: undefined/unknown
	Maximum pool size: undefined/unknown
2025-07-14T13:33:38.481+05:30  INFO 14636 --- [backend] [main] o.h.e.t.j.p.i.JtaPlatformInitiator       : HHH000489: No JTA platform available (set 'hibernate.transaction.jta.platform' to enable JTA platform integration)
2025-07-14T13:33:38.566+05:30  INFO 14636 --- [backend] [main] j.LocalContainerEntityManagerFactoryBean : Initialized JPA EntityManagerFactory for persistence unit 'default'
2025-07-14T13:33:38.945+05:30  WARN 14636 --- [backend] [main] JpaBaseConfiguration$JpaWebConfiguration : spring.jpa.open-in-view is enabled by default. Therefore, database queries may be performed during view rendering. Explicitly configure spring.jpa.open-in-view to disable this warning
2025-07-14T13:33:39.482+05:30  INFO 14636 --- [backend] [main] o.s.b.w.embedded.tomcat.TomcatWebServer  : Tomcat started on port 8080 (http) with context path '/'
2025-07-14T13:33:39.497+05:30  INFO 14636 --- [backend] [main] com.varun.portfolio.BackendApplication   : Started BackendApplication in 8.775 seconds (process running for 9.719)
2025-07-14T13:33:48.483+05:30  INFO 14636 --- [backend] [http-nio-8080-exec-2] o.a.c.c.C.[Tomcat].[localhost].[/]       : Initializing Spring DispatcherServlet 'dispatcherServlet'
2025-07-14T13:33:48.483+05:30  INFO 14636 --- [backend] [http-nio-8080-exec-2] o.s.web.servlet.DispatcherServlet        : Initializing Servlet 'dispatcherServlet'
2025-07-14T13:33:48.487+05:30  INFO 14636 --- [backend] [http-nio-8080-exec-2] o.s.web.servlet.DispatcherServlet        : Completed initialization in 2 ms
2025-07-14T13:33:49.002+05:30  INFO 14636 --- [backend] [http-nio-8080-exec-2] c.v.p.controller.ContactController       : Received contact form submission: ContactMessage(id=null, name=Test User, email=test@example.com, message=This is a test message., subject=Test Subject, createdAt=null)
2025-07-14T13:33:49.309+05:30 DEBUG 14636 --- [backend] [http-nio-8080-exec-2] c.v.p.controller.ContactController       : Contact message saved to database: 1
2025-07-14T13:33:55.109+05:30  INFO 14636 --- [backend] [http-nio-8080-exec-2] c.v.p.controller.ContactController       : Email sent successfully to varunjinjala@gmail.com
2025-07-14T13:38:46.208+05:30  INFO 14648 --- [backend] [main] com.varun.portfolio.BackendApplication   : Starting BackendApplication using Java 17.0.12 with PID 14648 (C:\Users\jinja\OneDrive\Desktop\Portfolio\Portfolio\backend\target\classes started by jinja in C:\Users\jinja\OneDrive\Desktop\Portfolio\Portfolio\backend)
2025-07-14T13:38:46.213+05:30 DEBUG 14648 --- [backend] [main] com.varun.portfolio.BackendApplication   : Running with Spring Boot v3.5.3, Spring v6.2.8
2025-07-14T13:38:46.215+05:30  INFO 14648 --- [backend] [main] com.varun.portfolio.BackendApplication   : No active profile set, falling back to 1 default profile: "default"
2025-07-14T13:38:47.336+05:30  INFO 14648 --- [backend] [main] .s.d.r.c.RepositoryConfigurationDelegate : Bootstrapping Spring Data JPA repositories in DEFAULT mode.
2025-07-14T13:38:47.431+05:30  INFO 14648 --- [backend] [main] .s.d.r.c.RepositoryConfigurationDelegate : Finished Spring Data repository scanning in 76 ms. Found 1 JPA repository interface.
2025-07-14T13:38:48.287+05:30  INFO 14648 --- [backend] [main] o.s.b.w.embedded.tomcat.TomcatWebServer  : Tomcat initialized with port 8080 (http)
2025-07-14T13:38:48.312+05:30  INFO 14648 --- [backend] [main] o.apache.catalina.core.StandardService   : Starting service [Tomcat]
2025-07-14T13:38:48.314+05:30  INFO 14648 --- [backend] [main] o.apache.catalina.core.StandardEngine    : Starting Servlet engine: [Apache Tomcat/10.1.42]
2025-07-14T13:38:48.420+05:30  INFO 14648 --- [backend] [main] o.a.c.c.C.[Tomcat].[localhost].[/]       : Initializing Spring embedded WebApplicationContext
2025-07-14T13:38:48.420+05:30  INFO 14648 --- [backend] [main] w.s.c.ServletWebServerApplicationContext : Root WebApplicationContext: initialization completed in 2111 ms
2025-07-14T13:38:48.659+05:30  INFO 14648 --- [backend] [main] o.hibernate.jpa.internal.util.LogHelper  : HHH000204: Processing PersistenceUnitInfo [name: default]
2025-07-14T13:38:48.746+05:30  INFO 14648 --- [backend] [main] org.hibernate.Version                    : HHH000412: Hibernate ORM core version 6.6.18.Final
2025-07-14T13:38:48.811+05:30  INFO 14648 --- [backend] [main] o.h.c.internal.RegionFactoryInitiator    : HHH000026: Second-level cache disabled
2025-07-14T13:38:49.239+05:30  INFO 14648 --- [backend] [main] o.s.o.j.p.SpringPersistenceUnitInfo      : No LoadTimeWeaver setup: ignoring JPA class transformer
2025-07-14T13:38:49.310+05:30  INFO 14648 --- [backend] [main] com.zaxxer.hikari.HikariDataSource       : HikariPool-1 - Starting...
2025-07-14T13:38:49.921+05:30  INFO 14648 --- [backend] [main] com.zaxxer.hikari.pool.HikariPool        : HikariPool-1 - Added connection com.mysql.cj.jdbc.ConnectionImpl@534762ed
2025-07-14T13:38:49.926+05:30  INFO 14648 --- [backend] [main] com.zaxxer.hikari.HikariDataSource       : HikariPool-1 - Start completed.
2025-07-14T13:38:50.074+05:30  INFO 14648 --- [backend] [main] org.hibernate.orm.connections.pooling    : HHH10001005: Database info:
	Database JDBC URL [Connecting through datasource 'HikariDataSource (HikariPool-1)']
	Database driver: undefined/unknown
	Database version: 8.0.39
	Autocommit mode: undefined/unknown
	Isolation level: undefined/unknown
	Minimum pool size: undefined/unknown
	Maximum pool size: undefined/unknown
2025-07-14T13:38:51.460+05:30  INFO 14648 --- [backend] [main] o.h.e.t.j.p.i.JtaPlatformInitiator       : HHH000489: No JTA platform available (set 'hibernate.transaction.jta.platform' to enable JTA platform integration)
2025-07-14T13:38:51.586+05:30  INFO 14648 --- [backend] [main] j.LocalContainerEntityManagerFactoryBean : Initialized JPA EntityManagerFactory for persistence unit 'default'
2025-07-14T13:38:51.973+05:30  WARN 14648 --- [backend] [main] JpaBaseConfiguration$JpaWebConfiguration : spring.jpa.open-in-view is enabled by default. Therefore, database queries may be performed during view rendering. Explicitly configure spring.jpa.open-in-view to disable this warning
2025-07-14T13:38:52.534+05:30  INFO 14648 --- [backend] [main] o.s.b.w.embedded.tomcat.TomcatWebServer  : Tomcat started on port 8080 (http) with context path '/'
2025-07-14T13:38:52.551+05:30  INFO 14648 --- [backend] [main] com.varun.portfolio.BackendApplication   : Started BackendApplication in 7.234 seconds (process running for 7.775)
2025-07-14T13:39:33.540+05:30  INFO 14648 --- [backend] [http-nio-8080-exec-1] o.a.c.c.C.[Tomcat].[localhost].[/]       : Initializing Spring DispatcherServlet 'dispatcherServlet'
2025-07-14T13:39:33.545+05:30  INFO 14648 --- [backend] [http-nio-8080-exec-1] o.s.web.servlet.DispatcherServlet        : Initializing Servlet 'dispatcherServlet'
2025-07-14T13:39:33.552+05:30  INFO 14648 --- [backend] [http-nio-8080-exec-1] o.s.web.servlet.DispatcherServlet        : Completed initialization in 2 ms
2025-07-14T13:39:34.122+05:30  INFO 14648 --- [backend] [http-nio-8080-exec-2] c.v.p.controller.ContactController       : Received contact form submission: ContactMessage(id=null, name=Mohit, email=mohitp1218@gmail.com, message=Final Testing
, subject=Testing, createdAt=null)
2025-07-14T13:39:34.345+05:30 DEBUG 14648 --- [backend] [http-nio-8080-exec-2] c.v.p.controller.ContactController       : Contact message saved to database: 2
2025-07-14T13:39:40.136+05:30  INFO 14648 --- [backend] [http-nio-8080-exec-2] c.v.p.controller.ContactController       : Email sent successfully to varunjinjala@gmail.com
2025-07-14T13:40:00.660+05:30  INFO 14648 --- [backend] [SpringApplicationShutdownHook] o.s.b.w.e.tomcat.GracefulShutdown        : Commencing graceful shutdown. Waiting for active requests to complete
2025-07-14T13:40:01.005+05:30  INFO 14648 --- [backend] [tomcat-shutdown] o.s.b.w.e.tomcat.GracefulShutdown        : Graceful shutdown complete
2025-07-14T13:40:01.010+05:30  INFO 14648 --- [backend] [SpringApplicationShutdownHook] j.LocalContainerEntityManagerFactoryBean : Closing JPA EntityManagerFactory for persistence unit 'default'
2025-07-14T13:40:01.016+05:30  INFO 14648 --- [backend] [SpringApplicationShutdownHook] com.zaxxer.hikari.HikariDataSource       : HikariPool-1 - Shutdown initiated...
2025-07-14T13:40:01.028+05:30  INFO 14648 --- [backend] [SpringApplicationShutdownHook] com.zaxxer.hikari.HikariDataSource       : HikariPool-1 - Shutdown completed.
